Looking for git in: git
Using git 2.28.0 from git
> git rev-parse --show-toplevel
> git rev-parse --git-dir
Open repository: /home/mbgl/Downloads/src/dwm
> git status -z -u
> git symbolic-ref --short HEAD
> git rev-parse master
> git rev-parse --symbolic-full-name master@{u}
> git rev-list --left-right master...refs/remotes/origin/master
> git for-each-ref --sort -committerdate --format %(refname) %(objectname)
> git remote --verbose
Warning: Failed to watch ref '/home/mbgl/Downloads/src/dwm/.git/refs/remotes/origin/master', is most likely packed.
> git config --get commit.template
> git show --textconv :config.h
> git ls-files --stage -- /home/mbgl/Downloads/src/dwm/config.h
> git cat-file -s d8e95cb5bf88cd5f4cbb17936bef6f3c638f6760
> git check-ignore -v -z --stdin
> git fetch
> git status -z -u
> git symbolic-ref --short HEAD
> git rev-parse master
> git rev-parse --symbolic-full-name master@{u}
> git rev-list --left-right master...refs/remotes/origin/master
> git for-each-ref --sort -committerdate --format %(refname) %(objectname)
> git remote --verbose
Warning: Failed to watch ref '/home/mbgl/Downloads/src/dwm/.git/refs/remotes/origin/master', is most likely packed.
> git config --get commit.template
> git ls-files --stage -- /home/mbgl/Downloads/src/dwm/config.h
> git cat-file -s d8e95cb5bf88cd5f4cbb17936bef6f3c638f6760
> git show --textconv :config.h
> git status -z -u
> git symbolic-ref --short HEAD
> git rev-parse master
> git rev-parse --symbolic-full-name master@{u}
> git rev-list --left-right master...refs/remotes/origin/master
> git for-each-ref --sort -committerdate --format %(refname) %(objectname)
> git remote --verbose
Warning: Failed to watch ref '/home/mbgl/Downloads/src/dwm/.git/refs/remotes/origin/master', is most likely packed.
> git config --get commit.template
> git check-ignore -v -z --stdin
> git status -z -u
> git symbolic-ref --short HEAD
> git rev-parse master
> git rev-parse --symbolic-full-name master@{u}
> git rev-list --left-right master...refs/remotes/origin/master
> git for-each-ref --sort -committerdate --format %(refname) %(objectname)
> git remote --verbose
Warning: Failed to watch ref '/home/mbgl/Downloads/src/dwm/.git/refs/remotes/origin/master', is most likely packed.
> git config --get commit.template
> git status -z -u
> git symbolic-ref --short HEAD
> git rev-parse master
> git rev-parse --symbolic-full-name master@{u}
> git rev-list --left-right master...refs/remotes/origin/master
> git for-each-ref --sort -committerdate --format %(refname) %(objectname)
> git remote --verbose
Warning: Failed to watch ref '/home/mbgl/Downloads/src/dwm/.git/refs/remotes/origin/master', is most likely packed.
> git config --get commit.template
