Looking for git in: git
Using git 2.28.0 from git
> git rev-parse --show-toplevel
> git rev-parse --git-dir
Open repository: /home/mbgl/Downloads/src/dwmblocks
> git status -z -u
> git symbolic-ref --short HEAD
> git rev-parse master
> git rev-parse --symbolic-full-name master@{u}
> git rev-list --left-right master...refs/remotes/origin/master
> git for-each-ref --sort -committerdate --format %(refname) %(objectname)
> git remote --verbose
Warning: Failed to watch ref '/home/mbgl/Downloads/src/dwmblocks/.git/refs/remotes/origin/master', is most likely packed.
> git config --get commit.template
> git show --textconv :Makefile
> git ls-files --stage -- /home/mbgl/Downloads/src/dwmblocks/Makefile
> git cat-file -s 5cfbb5a83317df4177b72b7322525b2fead40724
> git check-ignore -v -z --stdin
> git check-ignore -v -z --stdin
> git log --format=%H%n%aN%n%aE%n%at%n%ct%n%P%n%B -z -n21 -- /home/mbgl/Downloads/src/dwmblocks/Makefile
