[2020-08-20 19:08:57.893] [exthost] [info] extension host started
[2020-08-20 19:08:57.915] [exthost] [info] ExtensionService#_doActivateExtension ms-vscode.cpptools {"startup":false,"extensionId":{"value":"ms-vscode.cpptools","_lower":"ms-vscode.cpptools"},"activationEvent":"onLanguage:cpp"}
[2020-08-20 19:08:57.915] [exthost] [info] ExtensionService#loadCommonJSModule file:///home/mbgl/.vscode-oss/extensions/ms-vscode.cpptools-0.29.0/dist/main
[2020-08-20 19:08:57.968] [exthost] [info] ExtensionService#_doActivateExtension vscode.debug-auto-launch {"startup":true,"extensionId":{"value":"vscode.debug-auto-launch","_lower":"vscode.debug-auto-launch"},"activationEvent":"*"}
[2020-08-20 19:08:57.968] [exthost] [info] ExtensionService#loadCommonJSModule file:///usr/lib/code/extensions/debug-auto-launch/dist/extension
[2020-08-20 19:08:57.971] [exthost] [info] ExtensionService#_doActivateExtension vscode.emmet {"startup":true,"extensionId":{"value":"vscode.emmet","_lower":"vscode.emmet"},"activationEvent":"*"}
[2020-08-20 19:08:57.971] [exthost] [info] ExtensionService#loadCommonJSModule file:///usr/lib/code/extensions/emmet/dist/node/emmetNodeMain
[2020-08-20 19:08:57.988] [exthost] [info] ExtensionService#_doActivateExtension vscode.git {"startup":true,"extensionId":{"value":"vscode.github","_lower":"vscode.github"},"activationEvent":"*"}
[2020-08-20 19:08:57.988] [exthost] [info] ExtensionService#loadCommonJSModule file:///usr/lib/code/extensions/git/dist/main
[2020-08-20 19:08:58.017] [exthost] [info] ExtensionService#_doActivateExtension vscode.github-authentication {"startup":true,"extensionId":{"value":"vscode.github-authentication","_lower":"vscode.github-authentication"},"activationEvent":"*"}
[2020-08-20 19:08:58.017] [exthost] [info] ExtensionService#loadCommonJSModule file:///usr/lib/code/extensions/github-authentication/dist/extension.js
[2020-08-20 19:08:58.026] [exthost] [info] ExtensionService#_doActivateExtension vscode.merge-conflict {"startup":true,"extensionId":{"value":"vscode.merge-conflict","_lower":"vscode.merge-conflict"},"activationEvent":"*"}
[2020-08-20 19:08:58.026] [exthost] [info] ExtensionService#loadCommonJSModule file:///usr/lib/code/extensions/merge-conflict/dist/mergeConflictMain
[2020-08-20 19:08:58.029] [exthost] [info] ExtensionService#_doActivateExtension vscode.microsoft-authentication {"startup":true,"extensionId":{"value":"vscode.microsoft-authentication","_lower":"vscode.microsoft-authentication"},"activationEvent":"*"}
[2020-08-20 19:08:58.029] [exthost] [info] ExtensionService#loadCommonJSModule file:///usr/lib/code/extensions/microsoft-authentication/dist/extension.js
[2020-08-20 19:08:58.037] [exthost] [info] ExtensionService#_doActivateExtension vscode.search-result {"startup":true,"extensionId":{"value":"vscode.search-result","_lower":"vscode.search-result"},"activationEvent":"*"}
[2020-08-20 19:08:58.037] [exthost] [info] ExtensionService#loadCommonJSModule file:///usr/lib/code/extensions/search-result/dist/extension.js
[2020-08-20 19:08:58.499] [exthost] [info] ExtensionService#_doActivateExtension vscode.github {"startup":true,"extensionId":{"value":"vscode.github","_lower":"vscode.github"},"activationEvent":"*"}
[2020-08-20 19:08:58.500] [exthost] [info] ExtensionService#loadCommonJSModule file:///usr/lib/code/extensions/github/dist/extension.js
[2020-08-20 19:08:58.524] [exthost] [info] eager extensions activated
[2020-08-20 20:17:18.983] [exthost] [info] ExtensionService#_doActivateExtension vscode.configuration-editing {"startup":false,"extensionId":{"value":"vscode.configuration-editing","_lower":"vscode.configuration-editing"},"activationEvent":"onLanguage:json"}
[2020-08-20 20:17:18.984] [exthost] [info] ExtensionService#loadCommonJSModule file:///usr/lib/code/extensions/configuration-editing/dist/configurationEditingMain
[2020-08-20 20:17:18.989] [exthost] [info] ExtensionService#_doActivateExtension vscode.extension-editing {"startup":false,"extensionId":{"value":"vscode.extension-editing","_lower":"vscode.extension-editing"},"activationEvent":"onLanguage:json"}
[2020-08-20 20:17:18.989] [exthost] [info] ExtensionService#loadCommonJSModule file:///usr/lib/code/extensions/extension-editing/dist/extensionEditingMain
[2020-08-20 20:17:19.003] [exthost] [info] ExtensionService#_doActivateExtension vscode.json-language-features {"startup":false,"extensionId":{"value":"vscode.json-language-features","_lower":"vscode.json-language-features"},"activationEvent":"onLanguage:json"}
[2020-08-20 20:17:19.004] [exthost] [info] ExtensionService#loadCommonJSModule file:///usr/lib/code/extensions/json-language-features/client/dist/node/jsonClientMain
[2020-08-20 20:17:19.042] [exthost] [info] ExtensionService#_doActivateExtension ms-vscode.js-debug {"startup":false,"extensionId":{"value":"ms-vscode.js-debug","_lower":"ms-vscode.js-debug"},"activationEvent":"onLanguage:json"}
[2020-08-20 20:17:19.042] [exthost] [info] ExtensionService#loadCommonJSModule file:///usr/lib/code/extensions/ms-vscode.js-debug/src/extension.js
[2020-08-20 20:17:19.255] [exthost] [info] ExtensionService#_doActivateExtension vscode.npm {"startup":false,"extensionId":{"value":"vscode.npm","_lower":"vscode.npm"},"activationEvent":"onLanguage:json"}
[2020-08-20 20:17:19.255] [exthost] [info] ExtensionService#loadCommonJSModule file:///usr/lib/code/extensions/npm/dist/npmMain
[2020-08-20 20:17:23.401] [exthost] [info] ExtensionService#_doActivateExtension asvetliakov.vscode-neovim {"startup":false,"extensionId":{"value":"asvetliakov.vscode-neovim","_lower":"asvetliakov.vscode-neovim"},"activationEvent":"*"}
[2020-08-20 20:17:23.401] [exthost] [info] ExtensionService#loadCommonJSModule file:///home/mbgl/.vscode-oss/extensions/asvetliakov.vscode-neovim-0.0.50/out/extension.js
[2020-08-20 20:17:39.627] [exthost] [error] [ms-vscode.cpptools] provider FAILED
[2020-08-20 20:17:39.627] [exthost] [error] undefined
[2020-08-20 20:17:41.628] [exthost] [error] [ms-vscode.cpptools] provider FAILED
[2020-08-20 20:17:41.628] [exthost] [error] undefined
[2020-08-20 20:17:55.166] [exthost] [error] [ms-vscode.cpptools] provider FAILED
[2020-08-20 20:17:55.166] [exthost] [error] undefined
[2020-08-20 20:18:21.596] [exthost] [error] [ms-vscode.cpptools] provider FAILED
[2020-08-20 20:18:21.596] [exthost] [error] undefined
[2020-08-20 20:19:20.617] [exthost] [error] [ms-vscode.cpptools] provider FAILED
[2020-08-20 20:19:20.617] [exthost] [error] undefined
[2020-08-20 20:19:26.217] [exthost] [error] [ms-vscode.cpptools] provider FAILED
[2020-08-20 20:19:26.217] [exthost] [error] undefined
[2020-08-20 20:21:28.502] [exthost] [error] [ms-vscode.cpptools] provider FAILED
[2020-08-20 20:21:28.502] [exthost] [error] undefined
[2020-08-20 20:21:40.721] [exthost] [error] [ms-vscode.cpptools] provider FAILED
[2020-08-20 20:21:40.721] [exthost] [error] undefined
[2020-08-20 20:21:42.935] [exthost] [error] [ms-vscode.cpptools] provider FAILED
[2020-08-20 20:21:42.935] [exthost] [error] undefined
[2020-08-20 20:21:45.076] [exthost] [error] [ms-vscode.cpptools] provider FAILED
[2020-08-20 20:21:45.076] [exthost] [error] undefined
[2020-08-20 20:21:47.449] [exthost] [error] [ms-vscode.cpptools] provider FAILED
[2020-08-20 20:21:47.449] [exthost] [error] undefined
[2020-08-20 20:21:51.551] [exthost] [error] [ms-vscode.cpptools] provider FAILED
[2020-08-20 20:21:51.551] [exthost] [error] undefined
[2020-08-20 20:21:57.940] [exthost] [error] [ms-vscode.cpptools] provider FAILED
[2020-08-20 20:21:57.940] [exthost] [error] undefined
[2020-08-20 20:22:31.587] [exthost] [error] [ms-vscode.cpptools] provider FAILED
[2020-08-20 20:22:31.587] [exthost] [error] undefined
[2020-08-20 20:22:46.024] [exthost] [error] [ms-vscode.cpptools] provider FAILED
[2020-08-20 20:22:46.024] [exthost] [error] undefined
[2020-08-20 20:22:48.081] [exthost] [error] [ms-vscode.cpptools] provider FAILED
[2020-08-20 20:22:48.081] [exthost] [error] undefined
[2020-08-20 20:25:05.248] [exthost] [error] [ms-vscode.cpptools] provider FAILED
[2020-08-20 20:25:05.248] [exthost] [error] undefined
[2020-08-20 20:25:09.889] [exthost] [error] [ms-vscode.cpptools] provider FAILED
[2020-08-20 20:25:09.889] [exthost] [error] undefined
