Looking for git in: git
Using git 2.28.0 from git
> git rev-parse --show-toplevel
> git rev-parse --git-dir
Open repository: /home/mbgl/Downloads/src/dwm
> git status -z -u
> git symbolic-ref --short HEAD
> git rev-parse master
> git rev-parse --symbolic-full-name master@{u}
> git rev-list --left-right master...refs/remotes/origin/master
> git for-each-ref --sort -committerdate --format %(refname) %(objectname)
> git remote --verbose
Warning: Failed to watch ref '/home/mbgl/Downloads/src/dwm/.git/refs/remotes/origin/master', is most likely packed.
> git config --get commit.template
> git check-ignore -v -z --stdin
> git show --textconv :drw.h
> git ls-files --stage -- /home/mbgl/Downloads/src/dwm/drw.h
> git cat-file -s 42b04ce69f3609edd538608a5f23f40881e99064
> git show --textconv :config.h
> git ls-files --stage -- /home/mbgl/Downloads/src/dwm/config.h
> git cat-file -s ab4026cec8454a4ff0854b5316bcfdda91ed315f
> git show --textconv :drw.h
> git ls-files --stage -- /home/mbgl/Downloads/src/dwm/drw.h
> git cat-file -s 42b04ce69f3609edd538608a5f23f40881e99064
> git show --textconv :config.h
> git ls-files --stage -- /home/mbgl/Downloads/src/dwm/config.h
> git cat-file -s ab4026cec8454a4ff0854b5316bcfdda91ed315f
